{
  "RSpec": {
    "coverage": {
      "/home/aacohen/tic-tac-toe-rb-immersive-alum/lib/tic_tac_toe.rb": [
        null,
        1,
        null,
        null,
        null,
        null,
        null,
        null,
        null,
        null,
        null,
        1,
        25,
        25,
        25,
        25,
        25,
        null,
        null,
        1,
        24,
        null,
        null,
        1,
        23,
        null,
        null,
        1,
        26,
        null,
        null,
        1,
        24,
        null,
        null,
        1,
        21,
        21,
        21,
        21,
        21,
        20,
        20,
        null,
        1,
        null,
        null,
        null,
        1,
        23,
        23,
        207,
        null,
        23,
        null,
        null,
        1,
        22,
        15,
        null,
        7,
        null,
        null,
        null,
        1,
        43,
        277,
        17,
        null,
        null,
        null,
        null,
        null,
        1,
        206,
        null,
        null,
        1,
        21,
        4,
        null,
        17,
        null,
        null,
        null,
        null,
        1,
        22,
        null,
        null,
        1,
        7,
        7,
        6,
        null,
        null,
        null,
        null,
        null,
        null,
        1,
        12,
        18,
        null,
        12,
        5,
        5,
        7,
        3,
        null,
        null,
        null
      ]
    },
    "timestamp": 1563289135
  }
}
