{
  "RSpec": {
    "coverage": {
      "/home/aacohen/tic-tac-toe-rb-immersive-alum/lib/tic_tac_toe.rb": [
        null,
        1,
        null,
        null,
        null,
        null,
        null,
        null,
        null,
        null,
        null,
        1,
        29,
        29,
        29,
        29,
        29,
        null,
        null,
        1,
        17259,
        null,
        null,
        1,
        27,
        null,
        null,
        1,
        17261,
        null,
        null,
        1,
        17259,
        null,
        null,
        1,
        17262,
        17259,
        17256,
        17256,
        17256,
        24,
        24,
        null,
        17232,
        null,
        25,
        3,
        3,
        3,
        22,
        1,
        1,
        null,
        null,
        null,
        null,
        1,
        17258,
        17258,
        155322,
        null,
        17258,
        null,
        null,
        1,
        17257,
        18,
        null,
        17239,
        null,
        null,
        null,
        1,
        56,
        429,
        10,
        null,
        null,
        null,
        null,
        null,
        1,
        247,
        null,
        null,
        1,
        25,
        2,
        23,
        22,
        null,
        null,
        null,
        null,
        1,
        3,
        null,
        null,
        1,
        5,
        5,
        4,
        null,
        null,
        null,
        null,
        null,
        null,
        null,
        null,
        null,
        null,
        null,
        1,
        12,
        12,
        30,
        18,
        null,
        null
      ]
    },
    "timestamp": 1563287755
  }
}
